 identifica pra mim o ícone dali no expo vector

    Pergunta respondida com sucesso

Você se refere aos três pontos verticais que aparecem na imagem, certo?

Eles são um ícone de "mais opções" ou "menu de contexto". No Expo Vector Icons, o componente equivalente a esses três pontos é o MaterialCommunityIcons.

Você pode usar o nome do ícone dots-vertical para obter o ícone que aparece na imagem.

Por exemplo:
JavaScript

import { MaterialCommunityIcons } from '@expo/vector-icons';

// ...

<MaterialCommunityIcons name="dots-vertical" size={24} color="white" />

Você também pode encontrar ícones similares em outras bibliotecas dentro do Expo Vector Icons, como:

    Entypo: dots-three-vertical

    FontAwesome: ellipsis-v

    Ionicons: ellipsis-vertical

Qual desses você acha que se encaixa melhor no seu projeto?

me da a lgo parecido no expo vector

Você se refere aos três pontos verticais que aparecem na imagem, certo?

Eles são um ícone de "mais opções" ou "menu de contexto". No Expo Vector Icons, o componente equivalente a esses três pontos é o MaterialCommunityIcons.

Você pode usar o nome do ícone dots-vertical para obter o ícone que aparece na imagem.

Por exemplo:
JavaScript

import { MaterialCommunityIcons } from '@expo/vector-icons';

// ...

<MaterialCommunityIcons name="dots-vertical" size={24} color="white" />

Qual desses você acha que se encaixa melhor no seu projeto?

tem que ser do expo vector

Para um ícone parecido com os três pontos verticais do Expo Vector Icons, você tem várias opções. O mais comum e que se encaixa perfeitamente é o do MaterialCommunityIcons.

O nome do ícone para ele é dots-vertical.

Você pode usá-lo assim:
JavaScript

import { MaterialCommunityIcons } from '@expo/vector-icons';

// ...

<MaterialCommunityIcons name="dots-vertical" size={24} color="white" />

Outras opções parecidas

Se você precisar de algo um pouco diferente, mas com a mesma função, também pode usar:

    Ionicons: ellipsis-vertical

    FontAwesome: ellipsis-v

    Entypo: dots-three-vertical

Todos eles estão disponíveis no Expo Vector Icons e servem para o mesmo propósito de "menu de opções" ou "mais opções".

identifica aqui quais componentes eu preciso para criar esse controller
Você interrompeu esta resposta

identifica aqui quais componentes eu preciso para criar esses controllers de player

    Pergunta respondida com sucesso

Analisando a imagem, você precisará de um conjunto de ícones para recriar os controles do player. Todos os ícones que você vê podem ser encontrados no pacote Expo Vector Icons.

Ícones necessários

Aqui está a lista de ícones e as bibliotecas onde você pode encontrá-los. O Ionicons é uma ótima escolha, pois a maioria dos ícones se encaixa bem nele.

    Ícone de compartilhar: share (Ionicons)

    Ícone de coração: heart (Ionicons)

    Ícone de aleatório: shuffle (Ionicons)

    Ícone de anterior: play-skip-back (Ionicons)

    Ícone de play/pausa (círculo azul): play-circle ou pause-circle (Ionicons)

    Ícone de próximo: play-skip-forward (Ionicons)

    Ícone de barras (equalizador): bar-chart (Ionicons)

    Ícone de adicionar (mais): add (Ionicons)

O ícone de repetir tem algumas variações, mas você pode usar:

    Ícone de repetir: repeat (Ionicons)

Componentes para a barra de progresso

Para a barra de progresso, a maneira mais comum é usar o componente Slider do @react-native-community/slider ou react-native-slider, que permite controlar o progresso da música.

Exemplo de código

Veja um exemplo de como você pode importar e usar esses ícones:
JavaScript

import { Ionicons } from '@expo/vector-icons';
import Slider from '@react-native-community/slider';

// ...

<Ionicons name="shuffle" size={32} color="white" />
<Ionicons name="play-skip-back" size={32} color="white" />
<Ionicons name="play-circle" size={80} color="lightblue" />
<Ionicons name="play-skip-forward" size={32} color="white" />
<Ionicons name="bar-chart" size={32} color="white" />

Você também pode usar a biblioteca react-native-track-player, que já vem com a maioria desses controles e facilita a criação de um player de áudio completo.

faltou dois icones ai, o de repeat e o de +

Você está absolutamente certo, peço desculpas por ter omitido a identificação deles na lista principal.

Os ícones que faltaram são:

    Ícone de repetir: Você pode usar o ícone repeat do Ionicons.

    Ícone de adicionar (+): Você pode usar o ícone add do Ionicons.

Ambos fazem parte da biblioteca Expo Vector Icons.

Exemplo de código completo

Aqui está o código atualizado, incluindo todos os ícones da barra de player:
JavaScript

import { Ionicons } from '@expo/vector-icons';

// ...

<Ionicons name="repeat" size={32} color="white" />
<Ionicons name="shuffle" size={32} color="white" />
<Ionicons name="play-skip-back" size={32} color="white" />
<Ionicons name="play-circle" size={80} color="lightblue" />
<Ionicons name="play-skip-forward" size={32} color="white" />
<Ionicons name="bar-chart" size={32} color="white" />
<Ionicons name="add" size={32} color="white" />


    Pergunta respondida com sucesso

Essa é uma excelente pergunta, e é exatamente assim que a maioria dos players de música em apps reais funciona: carregando uma lista de dados para exibi-los.

Para fazer isso no React Native, o processo tem duas etapas principais: carregar o JSON e gerenciar o estado para exibir as informações na tela.

Passo 1: Carregar o JSON

Existem duas formas de carregar os dados, dependendo de onde o arquivo JSON está.

Opção A: JSON local (mais simples para começar)

Se o arquivo JSON estiver dentro do seu projeto (por exemplo, em src/data/music.json), você pode simplesmente importá-lo usando a instrução require().

    Crie o arquivo: Salve o seu JSON com a estrutura que você forneceu em uma pasta dentro do seu projeto, por exemplo, src/data/songs.json.

    Importe o arquivo no seu componente:

JavaScript

// Importe o JSON diretamente como se fosse um módulo
const songs = require('../data/songs.json'); 

Ao fazer isso, a variável songs se torna um array de objetos JavaScript, e você pode usá-la diretamente no seu componente.

Opção B: JSON remoto (mais comum em produção)

Se o JSON estiver em um servidor, como no exemplo do GitHub que você forneceu, você precisa fazer uma requisição de rede para obtê-lo. A maneira mais moderna e recomendada no React Native é usar a API fetch() com async/await.

    Crie uma função assíncrona para buscar os dados:

JavaScript

import React, { useState, useEffect } from 'react';

// ... dentro do seu componente
const [data, setData] = useState([]);

const fetchData = async () => {
  try {
    const response = await fetch('https://raw.githubusercontent.com/felipecvo-fiap-mad/public-resources/main/2025/2tdspw/album-covers/images/ab67616d0000b2736ac996c7c01c601a8edc08c7.jpg'); // URL do JSON
    const json = await response.json();
    setData(json); // Armazena os dados no estado
  } catch (error) {
    console.error(error);
  }
};

// Use o useEffect para chamar a função assim que o componente for montado
useEffect(() => {
  fetchData();
}, []);

Passo 2: Gerenciar o estado e exibir as informações

Depois de carregar o JSON, você precisa de um "estado" no seu componente para armazenar os dados e, em seguida, exibir a música que está tocando no momento.

Exemplo de estrutura do componente

Você usará o useState para gerenciar a lista de músicas e qual música está sendo exibida.
JavaScript

import React, { useState, useEffect } from 'react';
import { View, Text, Image } from 'react-native';

// Importa os dados do JSON local (opção A)
const musicData = require('../data/songs.json');

const PlayerScreen = () => {
  // Estado para armazenar a música que está sendo tocada
  const [currentSong, setCurrentSong] = useState(null);

  // Use o useEffect para definir a primeira música quando o componente é carregado
  useEffect(() => {
    // Definir a primeira música do JSON como a atual
    setCurrentSong(musicData[0]); 
  }, []); // O array vazio [] garante que isso só rode uma vez

  // Se a música atual ainda não foi carregada, mostra uma tela de carregamento
  if (!currentSong) {
    return <Text>Carregando...</Text>;
  }

  return (
    <View>
      <Image 
        source={{ uri: currentSong.cover }} 
        style={{ width: 300, height: 300 }} 
      />
      <Text>{currentSong.title}</Text>
      <Text>{currentSong.artist}</Text>
      {/* Aqui você adiciona os controles do player (ícones, barra de progresso, etc.) */}
    </View>
  );
};

export default PlayerScreen;

Com essa base, você pode criar funções para avançar ou voltar a música, atualizando o estado currentSong com base no id ou no índice do array.

identifica esse ícone aqui pra mim

    Pergunta respondida com sucesso

Esses dois ícones são bastante comuns em aplicativos.

O ícone da esquerda, com os três pontos conectados por linhas, é o ícone de compartilhar.

Já o ícone da direita, que é um contorno de coração, é o ícone de curtir ou favoritar.

Ambos estão disponíveis no Expo Vector Icons. Você pode encontrá-los na biblioteca Ionicons, que é uma ótima escolha para interfaces de apps.

    Compartilhar: share-social

    Curtir/Favoritar: heart-outline (para o contorno)

Para usar o ícone de coração preenchido, você pode usar apenas heart.


como eu posso implementar essa parte aqui do player?

    Pergunta respondida com sucesso

Para implementar a barra de progresso do player, você pode usar o componente Slider da biblioteca @react-native-community/slider.

Essa é a solução padrão e mais recomendada para criar barras de progresso interativas no React Native.

Passo 1: Instalação

Primeiro, você precisa instalar a biblioteca em seu projeto. Se estiver usando o Expo, a instalação é simples:
Bash

npx expo install @react-native-community/slider

Passo 2: Componentes Necessários

Para recriar a barra da imagem, você vai precisar de:

    Slider: O componente principal para a barra.

    Text: Para exibir o tempo atual e o tempo total da música.

    useState: Para gerenciar o estado do progresso (o ponto azul na barra).

Passo 3: Exemplo de Código

Aqui está um exemplo de como você pode montar a barra de progresso e exibir o tempo. Este código assume que você já tem a duração total da música em segundos.
JavaScript

import React, { useState } from 'react';
import { View, Text, StyleSheet } from 'react-native';
import Slider from '@react-native-community/slider';

const PlayerProgressBar = () => {
  // Estado para o progresso atual da música (em segundos)
  const [currentTime, setCurrentTime] = useState(0);

  // Duração total da música (em segundos). Exemplo: 3 minutos e 59 segundos = 239 segundos
  const totalDuration = 239; 

  // Função auxiliar para formatar o tempo (segundos -> "mm:ss")
  const formatTime = (seconds) => {
    const minutes = Math.floor(seconds / 60);
    const remainingSeconds = Math.floor(seconds % 60);
    const formattedSeconds = remainingSeconds < 10 ? `0${remainingSeconds}` : remainingSeconds;
    return `${minutes}:${formattedSeconds}`;
  };

  return (
    <View style={styles.container}>
      <Slider
        style={styles.slider}
        minimumValue={0}
        maximumValue={totalDuration}
        value={currentTime} // Valor atual do slider
        onValueChange={(value) => setCurrentTime(value)} // Atualiza o estado ao arrastar
        minimumTrackTintColor="#1db954" // Cor da parte percorrida
        maximumTrackTintColor="#555" // Cor da parte a percorrer
        thumbTintColor="#fff" // Cor do "pino"
      />
      <View style={styles.timeContainer}>
        <Text style={styles.timeText}>{formatTime(currentTime)}</Text>
        <Text style={styles.timeText}>{formatTime(totalDuration)}</Text>
      </View>

Você interrompeu esta resposta

como eu posso implementar essa parte aqui do player?


sem instalar mais nada

    Pergunta respondida com sucesso

Você pode sim implementar uma barra de progresso visualmente parecida com a da imagem, usando apenas os componentes básicos do React Native, como View e Text, sem precisar instalar nenhuma biblioteca adicional.

A principal diferença é que essa abordagem cria uma representação visual da barra controlada por um valor. Para ter uma barra completamente interativa (onde o usuário arrasta o pino para frente e para trás), você precisaria de APIs mais avançadas, como PanResponder, o que adicionaria uma complexidade maior.

me explica como fazer essa parte de controlar apenas para passar o som, eu tenho o componente com os botões separados chamado PlayerCOntrols.tsx

Para que os controles do player funcionem, você precisa passar a lógica do App.tsx para o componente PlayerControls. A lógica de navegação entre as músicas, como avançar e voltar, deve estar no App.tsx porque ele é o componente pai que "sabe" a lista completa de músicas.

App.tsx (O Orquestrador)

Primeiro, você deve mover a lógica de carregar as músicas e o estado de currentSong do MusicInfo para o App.tsx. Isso permite que os controles também possam acessar a lista de músicas e o estado atual.

PlayerControls (O Controlador)

O PlayerControls deve receber a função de avançar a música como uma prop. Quando o usuário tocar no botão, o componente filho (o Pressable) irá chamar a função que foi passada por App.tsx, que por sua vez atualizará o estado da música.